#도커가 왜필요한지, # 몇가지 더 넣기
 
#도커파일 설정 다운로드및 핸들링

#도커 허브 이미지 카피 옵션들 인풋 딜리트 등

#도커 구조 설명, 컨테이너~~ 생성, 실행... 추가 pip install
#윈도우의 경우 docker stop $$(docker ps -a -q) 이런식으로 $하나 추가

docker stop $(docker ps -a -q)
docker rm $(docker ps -a -q)
docker rmi $(docker images -q)
docker volume rm $(docker volume ls -qf dangling=true)


docker build --tag airflow:0.1 .

docker-compose -f docker-compose-CeleryExecutor.yml up -d


#RUN 

#docker centos7 install
sudo yum -y update
#출처 https://docs.docker.com/install/linux/docker-ce/centos/
sudo yum install -y yum-utils device-mapper-persistent-data lvm2
sudo yum-config-manager --add-repo https://download.docker.com/linux/centos/docker-ce.repo
sudo yum install -y docker-ce docker-ce-cli containerd.io #최신버전 설치

#GPG키를 수락하라고 하면 맞는지 체크하기
#Docker를 시작하십시오.
sudo systemctl start docker

#hello-world 이미지 를 실행하여 Docker Engine-Community가 올바르게 설치되었는지 확인하십시오 .
sudo docker run hello-world


#docker delete
sudo yum remove docker-ce
#etc delete
sudo rm -rf /var/lib/docker


#도커파일 명령어 설명
https://dico.me/server/articles/259



-------------이미지 다운로드


sudo docker image pull gihydocker/echo:latest
sudo docker container run -t -p 9000:8080 gihydocker/echo:latest
curl http://localhost:9000/


------------도커 이미지 빌드하기

docker image build -t 이미지명[:태그명] Dockerfile의 경로
docker container run [-d] file_dir~~ //[-d] 백그라운드 실행
docker container ls


sudo docker container run [options] 이미지명:[태그] [명령] [명령인자]


docker container stats [options] [대상 컨테이너 ID]

-----------80pages

#dockerfile 로 doker image 생성
#dockerfile 있는 폴더에서 실행
#끝에 . 주의!
sudo docker build --tag airflow:01 .


#####도커 이미지 삭제

#모든 컨테이너 한번에 지우기

sudo docker stop $(sudo docker ps -a -q)
sudo docker rm $(sudo docker ps -a -q)

sudo docker rmi $(sudo docker images -q)
###

docker stop $(docker ps -a -q)
docker rm $(docker ps -a -q)


docker rmi $(docker images -q)

#######


#도커 이미지 실행

sudo docker run -i -t [image name][:tag] /bin/bash
ex)
sudo docker run -i -t test:0.1 /bin/bash
or

sudo docker run -it test:0.1 해도 바로 안으로 접속

#sudo docker exec -it [container id] /bin/bash

->이렇게 실행하면 도커 컨테이너 안으로 진입, 안에서 작업

# 도커 컨테이너 작업한걸 다시 이미지로 만들기


sudo docker commit -a 'test' [컨테이너 ID] [이미지이름]

#docker volumn 명령어 추가 


#docker-compose install##################################################
#https://acloudxpert.com/how-to-install-docker-compose-on-amazon-linux-ami/

sudo curl -L https://github.com/docker/compose/releases/download/1.21.2/docker-compose-$(uname -s)-$(uname -m) -o /usr/local/bin/docker-compose
sudo chmod +x /usr/local/bin/docker-compose
docker-compose --version

#에러나서...
#sudo mv /usr/local/bin/docker-compose /usr/bin/docker-compose
#sudo chmod +x /usr/bin/docker-compose



#도커 현재 진행중인 컨테이너로 이미지 만들기

sudo docker commit -m "메세지내용" [container id] [image_name]

#sudo docker commit -m "컨테이너 테스트" 838fc93as12ad test:0.2




docker stop $(docker ps -a -q)
docker rm $(docker ps -a -q)


docker rmi $(docker images -q)
#에러시
docker rmi -f $ (docker images -q)

#docker volume 삭제

docker volume rm $(docker volume ls -qf dangling=true)




#worker 수정
docker-compose -f docker-compose-CeleryExecutor.yml scale worker=2
#docker-compose -f docker-compose-CeleryExecutor.yml up -d --scale worker=2



#스크립트에 관리자 권한없다고 에러뜨는경우

RUN chmod +x entrypoint.sh




###########


#도커 cpu 사용량 체크
docker stats

#도커 메모리 성능 바꾸기 https://jungwoon.github.io/docker/2019/01/13/Docker-6/

최소 4mb


#docker-compose vs kubernetes
docker-compoe란  docker로 다중 컨테이너 애플리케이션 정의 및 실행,
단일 컨테이너에 다중 컨테이너를 실행

#쿠버네티스 주요 개념 정리
#https://velog.io/@dvmflstm/%EB%8F%84%EC%BB%A4%EC%BF%A0%EB%B2%84%EB%84%A4%ED%8B%B0%EC%8A%A4%EB%A5%BC-%ED%99%9C%EC%9A%A9%ED%95%9C-%EC%BB%A8%ED%85%8C%EC%9D%B4%EB%84%88-%EA%B0%9C%EB%B0%9C-%EC%8B%A4%EC%A0%84-%EC%9E%85%EB%AC%B8-05.-%EC%BF%A0%EB%B2%84%EB%84%A4%ED%8B%B0%EC%8A%A4-%EC%9E%85%EB%AC%B8

쿠버네티스란 
컨테이너 오케 스트레이터,
컨테이너 오케 스트레이터는 호스트를 그룹화하여 클러스터를 형성하고
응용 프로그램을 확인하는 데 도움이되는 도구입니다.


#쿠버네티스 기본적인 명령어
kubectl cluster-info # 정상적으로 돌아가는지 체크하는것
kubectl get all # pod sevice등의 정보 체크 docker ps와 비슷한 기능이라고 생각

#dashboard UI #생성
#https://github.com/kubernetes/dashboard
kubectl apply -f https://raw.githubusercontent.com/kubernetes/dashboard/v2.0.0-beta8/aio/deploy/recommended.yaml
kubectl proxy

#헬름차트 설치 *패키지 관리도구, 차트를 관리하는 목적)
curl https://raw.githubusercontent.com/helm/helm/master/scripts/get > get_helm.sh
chmod 700 get_helm.sh
./get_helm.sh



#삭제
kubectl delete -f https://raw.githubusercontent.com/kubernetes/dashboard/v2.0.0-beta8/aio/deploy/recommended.yaml

#token 생성
kubectl -n kubernetes-dashboard describe secret $(kubectl -n kubernetes-dashboard get secret | sls admin-user | ForEach-Object { $_ -Split '\s+' } | Select -First 1)


eyJhbGciOiJSUzI1NiIsImtpZCI6IiJ9.eyJpc3MiOiJrdWJlcm5ldGVzL3NlcnZpY2VhY2NvdW50Iiwia3ViZXJuZXRlcy5pby9zZXJ2aWNlYWNjb3VudC9uYW1lc3BhY2UiOiJrdWJlcm5ldGVzLWRhc2hib2FyZCIsImt1YmVybmV0ZXMuaW8vc2VydmljZWFjY291bnQvc2VjcmV0Lm5hbWUiOiJrdWJlcm5ldGVzLWRhc2hib2FyZC10b2tlbi03OGNjayIsImt1YmVybmV0ZXMuaW8vc2VydmljZWFjY291bnQvc2VydmljZS1hY2NvdW50Lm5hbWUiOiJrdWJlcm5ldGVzLWRhc2hib2FyZCIsImt1YmVybmV0ZXMuaW8vc2VydmljZWFjY291bnQvc2VydmljZS1hY2NvdW50LnVpZCI6IjFmNjg5MzY2LTQyOWUtNDdhNS05ZTkzLTJmZTE4N2EwMDI5OCIsInN1YiI6InN5c3RlbTpzZXJ2aWNlYWNjb3VudDprdWJlcm5ldGVzLWRhc2hib2FyZDprdWJlcm5ldGVzLWRhc2hib2FyZCJ9.Ds_QxH8VutlDyCiFZy-ygb_NvQY9j9Z-P3A2CkYeh28QJG9pmITqKvLCaz4xI4iYM78mQkOMTnH8tQP7JfTchucLRaTMpK3AFFXzUknjmxzcgl9z8_21UvpsVmB2Erv3dFemj6KCzSZrBLdBt5xJ5hZbac4XbsATZSSNdzuT_rPivd1PBKPBpG-4qhAQ8fJ2_L2D3lknDOq-RDxdYVFXb8ZtHZAYT-t40P4dsVQtIwd44_YI22YvfjyAWf83gXieJddI4xizXfnO9ohOHJuL7VYPvmhtqi5vYfOo67r1f-sxSH3BT9YuwH7904hJJOmAZVdtW5gdfyJ5CJgD3EFsWA


#url
http://localhost:8001/api/v1/namespaces/kubernetes-dashboard/services/https:kubernetes-dashboard:/proxy/#/login


#쿠버네티드 pod 지우기 

kubectl delete po [pod명]
kubectl delete po apache-docker-deployment-54876bbd86-2gtmz



##########

kubectl apply -f test.yml
kubectl delete -f test.yml


aws timezone 변경
sudo cp -p /usr/share/zoneinfo/Asia/Seoul /etc/localtime

및 도커파일과 yml tz 추가하여 체크중...
#dockerfile에 추가해봄
ENV TZ=Asia/Seoul
RUN ln -snf /usr/share/zoneinfo/$TZ /etc/localtime && echo $TZ > /etc/timezone
 -> 됨!


##################도커 빌드####################################
docker stop $(docker ps -a -q)
docker rm $(docker ps -a -q)
docker rmi $(docker images -q)
docker volume rm $(docker volume ls -qf dangling=true)


docker build --tag airflow:01 .

docker-compose -f docker-compose-CeleryExecutor.yml up -d

docker-compose -f docker-elas.yml up -d

##############################################################

도커 엘라스틱 구축하기
엘라스틱의 경우
과 같은 명령어로 실행을 하면
network must be a mapping, not a NoneType.
라는 글이 뜨면서 실행되지 않는다
#https://www.elastic.co/guide/en/elasticsearch/reference/6.5/docker.html
#도커 이미지 소스코드 https://github.com/elastic/elasticsearch-docker/tree/6.5
docker pull docker.elastic.co/elasticsearch/elasticsearch:7.6.2 # 도커 이미지 다운 # 추후 image에 해당하는 source code 해서 yml file로 만들기

######docker run -p 9200:9200 -p 9300:9300 -e "discovery.type=single-node" docker.elastic.co/elasticsearch/elasticsearch:7.6.2

docker-compose up -d


#####################쿠버네티스 명령어

kubectl apply --record -f kubectl_test.yaml
kubectl get pods


#쿠버네티드 pod 지우기 
kubectl delete po [pod명]
kubectl delete po apache-docker-deployment-54876bbd86-tl4tn
kubectl delete -f kubectl_test.yaml


#쿠버테니스 대시보드
kubectl apply -f https://raw.githubusercontent.com/kubernetes/dashboard/v2.0.0/aio/deploy/recommended.yaml
kubectl proxy # 해야 접속가능

#token 생성
kubectl -n kubernetes-dashboard describe secret $(kubectl -n kubernetes-dashboard get secret | sls admin-user | ForEach-Object { $_ -Split '\s+' } | Select -First 1)

#url
http://localhost:8001/api/v1/namespaces/kubernetes-dashboard/services/https:kubernetes-dashboard:/proxy/#/login


https://www.elastic.co/kr/downloads/elastic-cloud-kubernetes

#k8s 로 엘라스틱 및 키바나 구축해보기
#https://www.elastic.co/guide/en/cloud-on-k8s/current/k8s-quickstart.html
#https://github.com/elastic/cloud-on-k8s


#kubectl apply -f https://download.elastic.co/downloads/eck/1.1.0/all-in-one.yaml
#kubectl apply -f all-in-one.yaml

#운영자 로그 모니터링
# kubectl -n elastic-system logs -f statefulset.apps/elastic-operator # 쓸모없음

#https://lahuman.github.io/kubernetes-logging/
#엘라스틱
kubectl apply -f elastic.yaml

http://localhost:30482/
#키바나
kubectl apply -f kibana.yaml
http://localhost:30920/app/kibana





#########헬름

helm install stable/kubernetes-dashboard


######################################################
centos에 k8s 설치하기

























